# JRE version: Java(TM) SE Runtime Environment (8.0_31-b13) (build 1.8.0_31-b13)
# Java VM: Java HotSpot(TM) 64-Bit Server VM (25.31-b07 mixed mode windows-amd64 compressed oops)
Heap:
 PSYoungGen      total 38400K, used 33346K [0x00000000d5e00000, 0x00000000d8600000, 0x0000000100000000)
  eden space 35840K, 91% used [0x00000000d5e00000,0x00000000d7e32f28,0x00000000d8100000)
  from space 2560K, 14% used [0x00000000d8100000,0x00000000d815dc68,0x00000000d8380000)
  to   space 2560K, 0% used [0x00000000d8380000,0x00000000d8380000,0x00000000d8600000)
 ParOldGen       total 162304K, used 57526K [0x0000000081a00000, 0x000000008b880000, 0x00000000d5e00000)
  object space 162304K, 35% used [0x0000000081a00000,0x000000008522db20,0x000000008b880000)
 Metaspace       used 61818K, capacity 62878K, committed 63064K, reserved 1103872K
  class space    used 7535K, capacity 7761K, committed 7808K, reserved 1048576K
GC Heap History (10 events):
Event: 82593.901 GC heap before
{Heap before GC invocations=532 (full 3):
 PSYoungGen      total 37888K, used 36215K [0x00000000d5e00000, 0x00000000d8600000, 0x0000000100000000)
  eden space 35840K, 100% used [0x00000000d5e00000,0x00000000d8100000,0x00000000d8100000)
  from space 2048K, 18% used [0x00000000d8400000,0x00000000d845dc68,0x00000000d8600000)
  to   space 2560K, 0% used [0x00000000d8100000,0x00000000d8100000,0x00000000d8380000)
 ParOldGen       total 162304K, used 57486K [0x0000000081a00000, 0x000000008b880000, 0x00000000d5e00000)
  object space 162304K, 35% used [0x0000000081a00000,0x0000000085223b20,0x000000008b880000)
 Metaspace       used 61816K, capacity 62878K, committed 63064K, reserved 1103872K
  class space    used 7535K, capacity 7761K, committed 7808K, reserved 1048576K
Event: 82593.904 GC heap after
Heap after GC invocations=532 (full 3):
 PSYoungGen      total 38400K, used 407K [0x00000000d5e00000, 0x00000000d8600000, 0x0000000100000000)
  eden space 35840K, 0% used [0x00000000d5e00000,0x00000000d5e00000,0x00000000d8100000)
  from space 2560K, 15% used [0x00000000d8100000,0x00000000d8165c68,0x00000000d8380000)
  to   space 2560K, 0% used [0x00000000d8380000,0x00000000d8380000,0x00000000d8600000)
 ParOldGen       total 162304K, used 57486K [0x0000000081a00000, 0x000000008b880000, 0x00000000d5e00000)
  object space 162304K, 35% used [0x0000000081a00000,0x0000000085223b20,0x000000008b880000)
 Metaspace       used 61816K, capacity 62878K, committed 63064K, reserved 1103872K
  class space    used 7535K, capacity 7761K, committed 7808K, reserved 1048576K
}
Event: 82713.200 GC heap before
{Heap before GC invocations=533 (full 3):
 PSYoungGen      total 38400K, used 36247K [0x00000000d5e00000, 0x00000000d8600000, 0x0000000100000000)
  eden space 35840K, 100% used [0x00000000d5e00000,0x00000000d8100000,0x00000000d8100000)
  from space 2560K, 15% used [0x00000000d8100000,0x00000000d8165c68,0x00000000d8380000)
  to   space 2560K, 0% used [0x00000000d8380000,0x00000000d8380000,0x00000000d8600000)
 ParOldGen       total 162304K, used 57486K [0x0000000081a00000, 0x000000008b880000, 0x00000000d5e00000)
  object space 162304K, 35% used [0x0000000081a00000,0x0000000085223b20,0x000000008b880000)
 Metaspace       used 61818K, capacity 62878K, committed 63064K, reserved 1103872K
  class space    used 7535K, capacity 7761K, committed 7808K, reserved 1048576K
Event: 82713.205 GC heap after
Heap after GC invocations=533 (full 3):
 PSYoungGen      total 38400K, used 407K [0x00000000d5e00000, 0x00000000d8600000, 0x0000000100000000)
  eden space 35840K, 0% used [0x00000000d5e00000,0x00000000d5e00000,0x00000000d8100000)
  from space 2560K, 15% used [0x00000000d8380000,0x00000000d83e5c68,0x00000000d8600000)
  to   space 2560K, 0% used [0x00000000d8100000,0x00000000d8100000,0x00000000d8380000)
 ParOldGen       total 162304K, used 57494K [0x0000000081a00000, 0x000000008b880000, 0x00000000d5e00000)
  object space 162304K, 35% used [0x0000000081a00000,0x0000000085225b20,0x000000008b880000)
 Metaspace       used 61818K, capacity 62878K, committed 63064K, reserved 1103872K
  class space    used 7535K, capacity 7761K, committed 7808K, reserved 1048576K
}
Event: 82833.078 GC heap before
{Heap before GC invocations=534 (full 3):
 PSYoungGen      total 38400K, used 36247K [0x00000000d5e00000, 0x00000000d8600000, 0x0000000100000000)
  eden space 35840K, 100% used [0x00000000d5e00000,0x00000000d8100000,0x00000000d8100000)
  from space 2560K, 15% used [0x00000000d8380000,0x00000000d83e5c68,0x00000000d8600000)
  to   space 2560K, 0% used [0x00000000d8100000,0x00000000d8100000,0x00000000d8380000)
 ParOldGen       total 162304K, used 57494K [0x0000000081a00000, 0x000000008b880000, 0x00000000d5e00000)
  object space 162304K, 35% used [0x0000000081a00000,0x0000000085225b20,0x000000008b880000)
 Metaspace       used 61818K, capacity 62878K, committed 63064K, reserved 1103872K
  class space    used 7535K, capacity 7761K, committed 7808K, reserved 1048576K
Event: 82833.080 GC heap after
Heap after GC invocations=534 (full 3):
 PSYoungGen      total 38400K, used 407K [0x00000000d5e00000, 0x00000000d8600000, 0x0000000100000000)
  eden space 35840K, 0% used [0x00000000d5e00000,0x00000000d5e00000,0x00000000d8100000)
  from space 2560K, 15% used [0x00000000d8100000,0x00000000d8165c68,0x00000000d8380000)
  to   space 2560K, 0% used [0x00000000d8380000,0x00000000d8380000,0x00000000d8600000)
 ParOldGen       total 162304K, used 57494K [0x0000000081a00000, 0x000000008b880000, 0x00000000d5e00000)
  object space 162304K, 35% used [0x0000000081a00000,0x0000000085225b20,0x000000008b880000)
 Metaspace       used 61818K, capacity 62878K, committed 63064K, reserved 1103872K
  class space    used 7535K, capacity 7761K, committed 7808K, reserved 1048576K
}
Event: 82955.430 GC heap before
{Heap before GC invocations=535 (full 3):
 PSYoungGen      total 38400K, used 36210K [0x00000000d5e00000, 0x00000000d8600000, 0x0000000100000000)
  eden space 35840K, 99% used [0x00000000d5e00000,0x00000000d80f6d48,0x00000000d8100000)
  from space 2560K, 15% used [0x00000000d8100000,0x00000000d8165c68,0x00000000d8380000)
  to   space 2560K, 0% used [0x00000000d8380000,0x00000000d8380000,0x00000000d8600000)
 ParOldGen       total 162304K, used 57494K [0x0000000081a00000, 0x000000008b880000, 0x00000000d5e00000)
  object space 162304K, 35% used [0x0000000081a00000,0x0000000085225b20,0x000000008b880000)
 Metaspace       used 61818K, capacity 62878K, committed 63064K, reserved 1103872K
  class space    used 7535K, capacity 7761K, committed 7808K, reserved 1048576K
Event: 82955.435 GC heap after
Heap after GC invocations=535 (full 3):
 PSYoungGen      total 38400K, used 1306K [0x00000000d5e00000, 0x00000000d8600000, 0x0000000100000000)
  eden space 35840K, 0% used [0x00000000d5e00000,0x00000000d5e00000,0x00000000d8100000)
  from space 2560K, 51% used [0x00000000d8380000,0x00000000d84c6af0,0x00000000d8600000)
  to   space 2560K, 0% used [0x00000000d8100000,0x00000000d8100000,0x00000000d8380000)
 ParOldGen       total 162304K, used 57518K [0x0000000081a00000, 0x000000008b880000, 0x00000000d5e00000)
  object space 162304K, 35% used [0x0000000081a00000,0x000000008522bb20,0x000000008b880000)
 Metaspace       used 61818K, capacity 62878K, committed 63064K, reserved 1103872K
  class space    used 7535K, capacity 7761K, committed 7808K, reserved 1048576K
}
Event: 83081.423 GC heap before
{Heap before GC invocations=536 (full 3):
 PSYoungGen      total 38400K, used 37146K [0x00000000d5e00000, 0x00000000d8600000, 0x0000000100000000)
  eden space 35840K, 100% used [0x00000000d5e00000,0x00000000d8100000,0x00000000d8100000)
  from space 2560K, 51% used [0x00000000d8380000,0x00000000d84c6af0,0x00000000d8600000)
  to   space 2560K, 0% used [0x00000000d8100000,0x00000000d8100000,0x00000000d8380000)
 ParOldGen       total 162304K, used 57518K [0x0000000081a00000, 0x000000008b880000, 0x00000000d5e00000)
  object space 162304K, 35% used [0x0000000081a00000,0x000000008522bb20,0x000000008b880000)
 Metaspace       used 61818K, capacity 62878K, committed 63064K, reserved 1103872K
  class space    used 7535K, capacity 7761K, committed 7808K, reserved 1048576K
Event: 83081.426 GC heap after
Heap after GC invocations=536 (full 3):
 PSYoungGen      total 38400K, used 375K [0x00000000d5e00000, 0x00000000d8600000, 0x0000000100000000)
  eden space 35840K, 0% used [0x00000000d5e00000,0x00000000d5e00000,0x00000000d8100000)
  from space 2560K, 14% used [0x00000000d8100000,0x00000000d815dc68,0x00000000d8380000)
  to   space 2560K, 0% used [0x00000000d8380000,0x00000000d8380000,0x00000000d8600000)
 ParOldGen       total 162304K, used 57526K [0x0000000081a00000, 0x000000008b880000, 0x00000000d5e00000)
  object space 162304K, 35% used [0x0000000081a00000,0x000000008522db20,0x000000008b880000)
 Metaspace       used 61818K, capacity 62878K, committed 63064K, reserved 1103872K
  class space    used 7535K, capacity 7761K, committed 7808K, reserved 1048576K
}

